# JRE version: Java(TM) SE Runtime Environment (8.0_40-b25) (build 1.8.0_40-b25)
# Java VM: Java HotSpot(TM) 64-Bit Server VM (25.40-b25 mixed mode bsd-amd64 compressed oops)
Heap:
 PSYoungGen      total 25600K, used 1167K [0x0000000795580000, 0x0000000797000000, 0x00000007c0000000)
  eden space 24064K, 4% used [0x0000000795580000,0x000000079568be80,0x0000000796d00000)
  from space 1536K, 6% used [0x0000000796d00000,0x0000000796d18000,0x0000000796e80000)
  to   space 1536K, 0% used [0x0000000796e80000,0x0000000796e80000,0x0000000797000000)
 ParOldGen       total 47104K, used 16569K [0x0000000740000000, 0x0000000742e00000, 0x0000000795580000)
  object space 47104K, 35% used [0x0000000740000000,0x000000074102e7d8,0x0000000742e00000)
 Metaspace       used 21239K, capacity 22384K, committed 22656K, reserved 1069056K
  class space    used 2893K, capacity 3165K, committed 3200K, reserved 1048576K
GC Heap History (10 events):
Event: 21092.135 GC heap before
{Heap before GC invocations=54 (full 1):
 PSYoungGen      total 26112K, used 24160K [0x0000000795580000, 0x0000000797100000, 0x00000007c0000000)
  eden space 24064K, 100% used [0x0000000795580000,0x0000000796d00000,0x0000000796d00000)
  from space 2048K, 4% used [0x0000000796f00000,0x0000000796f18000,0x0000000797100000)
  to   space 2048K, 0% used [0x0000000796d00000,0x0000000796d00000,0x0000000796f00000)
 ParOldGen       total 47104K, used 16569K [0x0000000740000000, 0x0000000742e00000, 0x0000000795580000)
  object space 47104K, 35% used [0x0000000740000000,0x000000074102e7d8,0x0000000742e00000)
 Metaspace       used 21202K, capacity 22334K, committed 22400K, reserved 1069056K
  class space    used 2887K, capacity 3154K, committed 3200K, reserved 1048576K
Event: 21092.136 GC heap after
Heap after GC invocations=54 (full 1):
 PSYoungGen      total 26112K, used 96K [0x0000000795580000, 0x0000000797100000, 0x00000007c0000000)
  eden space 24064K, 0% used [0x0000000795580000,0x0000000795580000,0x0000000796d00000)
  from space 2048K, 4% used [0x0000000796d00000,0x0000000796d18000,0x0000000796f00000)
  to   space 2048K, 0% used [0x0000000796f00000,0x0000000796f00000,0x0000000797100000)
 ParOldGen       total 47104K, used 16569K [0x0000000740000000, 0x0000000742e00000, 0x0000000795580000)
  object space 47104K, 35% used [0x0000000740000000,0x000000074102e7d8,0x0000000742e00000)
 Metaspace       used 21202K, capacity 22334K, committed 22400K, reserved 1069056K
  class space    used 2887K, capacity 3154K, committed 3200K, reserved 1048576K
}
Event: 21496.499 GC heap before
{Heap before GC invocations=55 (full 1):
 PSYoungGen      total 26112K, used 24160K [0x0000000795580000, 0x0000000797100000, 0x00000007c0000000)
  eden space 24064K, 100% used [0x0000000795580000,0x0000000796d00000,0x0000000796d00000)
  from space 2048K, 4% used [0x0000000796d00000,0x0000000796d18000,0x0000000796f00000)
  to   space 2048K, 0% used [0x0000000796f00000,0x0000000796f00000,0x0000000797100000)
 ParOldGen       total 47104K, used 16569K [0x0000000740000000, 0x0000000742e00000, 0x0000000795580000)
  object space 47104K, 35% used [0x0000000740000000,0x000000074102e7d8,0x0000000742e00000)
 Metaspace       used 21202K, capacity 22334K, committed 22400K, reserved 1069056K
  class space    used 2887K, capacity 3154K, committed 3200K, reserved 1048576K
Event: 21496.501 GC heap after
Heap after GC invocations=55 (full 1):
 PSYoungGen      total 25088K, used 96K [0x0000000795580000, 0x0000000797000000, 0x00000007c0000000)
  eden space 24064K, 0% used [0x0000000795580000,0x0000000795580000,0x0000000796d00000)
  from space 1024K, 9% used [0x0000000796f00000,0x0000000796f18000,0x0000000797000000)
  to   space 1536K, 0% used [0x0000000796d00000,0x0000000796d00000,0x0000000796e80000)
 ParOldGen       total 47104K, used 16569K [0x0000000740000000, 0x0000000742e00000, 0x0000000795580000)
  object space 47104K, 35% used [0x0000000740000000,0x000000074102e7d8,0x0000000742e00000)
 Metaspace       used 21202K, capacity 22334K, committed 22400K, reserved 1069056K
  class space    used 2887K, capacity 3154K, committed 3200K, reserved 1048576K
}
Event: 21900.931 GC heap before
{Heap before GC invocations=56 (full 1):
 PSYoungGen      total 25088K, used 24160K [0x0000000795580000, 0x0000000797000000, 0x00000007c0000000)
  eden space 24064K, 100% used [0x0000000795580000,0x0000000796d00000,0x0000000796d00000)
  from space 1024K, 9% used [0x0000000796f00000,0x0000000796f18000,0x0000000797000000)
  to   space 1536K, 0% used [0x0000000796d00000,0x0000000796d00000,0x0000000796e80000)
 ParOldGen       total 47104K, used 16569K [0x0000000740000000, 0x0000000742e00000, 0x0000000795580000)
  object space 47104K, 35% used [0x0000000740000000,0x000000074102e7d8,0x0000000742e00000)
 Metaspace       used 21202K, capacity 22334K, committed 22400K, reserved 1069056K
  class space    used 2887K, capacity 3154K, committed 3200K, reserved 1048576K
Event: 21900.933 GC heap after
Heap after GC invocations=56 (full 1):
 PSYoungGen      total 25600K, used 96K [0x0000000795580000, 0x0000000797000000, 0x00000007c0000000)
  eden space 24064K, 0% used [0x0000000795580000,0x0000000795580000,0x0000000796d00000)
  from space 1536K, 6% used [0x0000000796d00000,0x0000000796d18000,0x0000000796e80000)
  to   space 1536K, 0% used [0x0000000796e80000,0x0000000796e80000,0x0000000797000000)
 ParOldGen       total 47104K, used 16569K [0x0000000740000000, 0x0000000742e00000, 0x0000000795580000)
  object space 47104K, 35% used [0x0000000740000000,0x000000074102e7d8,0x0000000742e00000)
 Metaspace       used 21202K, capacity 22334K, committed 22400K, reserved 1069056K
  class space    used 2887K, capacity 3154K, committed 3200K, reserved 1048576K
}
Event: 22332.530 GC heap before
{Heap before GC invocations=57 (full 1):
 PSYoungGen      total 25600K, used 24160K [0x0000000795580000, 0x0000000797000000, 0x00000007c0000000)
  eden space 24064K, 100% used [0x0000000795580000,0x0000000796d00000,0x0000000796d00000)
  from space 1536K, 6% used [0x0000000796d00000,0x0000000796d18000,0x0000000796e80000)
  to   space 1536K, 0% used [0x0000000796e80000,0x0000000796e80000,0x0000000797000000)
 ParOldGen       total 47104K, used 16569K [0x0000000740000000, 0x0000000742e00000, 0x0000000795580000)
  object space 47104K, 35% used [0x0000000740000000,0x000000074102e7d8,0x0000000742e00000)
 Metaspace       used 21202K, capacity 22334K, committed 22400K, reserved 1069056K
  class space    used 2887K, capacity 3154K, committed 3200K, reserved 1048576K
Event: 22332.550 GC heap after
Heap after GC invocations=57 (full 1):
 PSYoungGen      total 25600K, used 96K [0x0000000795580000, 0x0000000797000000, 0x00000007c0000000)
  eden space 24064K, 0% used [0x0000000795580000,0x0000000795580000,0x0000000796d00000)
  from space 1536K, 6% used [0x0000000796e80000,0x0000000796e98000,0x0000000797000000)
  to   space 1536K, 0% used [0x0000000796d00000,0x0000000796d00000,0x0000000796e80000)
 ParOldGen       total 47104K, used 16569K [0x0000000740000000, 0x0000000742e00000, 0x0000000795580000)
  object space 47104K, 35% used [0x0000000740000000,0x000000074102e7d8,0x0000000742e00000)
 Metaspace       used 21202K, capacity 22334K, committed 22400K, reserved 1069056K
  class space    used 2887K, capacity 3154K, committed 3200K, reserved 1048576K
}
Event: 22732.064 GC heap before
{Heap before GC invocations=58 (full 1):
 PSYoungGen      total 25600K, used 24160K [0x0000000795580000, 0x0000000797000000, 0x00000007c0000000)
  eden space 24064K, 100% used [0x0000000795580000,0x0000000796d00000,0x0000000796d00000)
  from space 1536K, 6% used [0x0000000796e80000,0x0000000796e98000,0x0000000797000000)
  to   space 1536K, 0% used [0x0000000796d00000,0x0000000796d00000,0x0000000796e80000)
 ParOldGen       total 47104K, used 16569K [0x0000000740000000, 0x0000000742e00000, 0x0000000795580000)
  object space 47104K, 35% used [0x0000000740000000,0x000000074102e7d8,0x0000000742e00000)
 Metaspace       used 21205K, capacity 22334K, committed 22400K, reserved 1069056K
  class space    used 2887K, capacity 3154K, committed 3200K, reserved 1048576K
Event: 22732.065 GC heap after
Heap after GC invocations=58 (full 1):
 PSYoungGen      total 25600K, used 96K [0x0000000795580000, 0x0000000797000000, 0x00000007c0000000)
  eden space 24064K, 0% used [0x0000000795580000,0x0000000795580000,0x0000000796d00000)
  from space 1536K, 6% used [0x0000000796d00000,0x0000000796d18000,0x0000000796e80000)
  to   space 1536K, 0% used [0x0000000796e80000,0x0000000796e80000,0x0000000797000000)
 ParOldGen       total 47104K, used 16569K [0x0000000740000000, 0x0000000742e00000, 0x0000000795580000)
  object space 47104K, 35% used [0x0000000740000000,0x000000074102e7d8,0x0000000742e00000)
 Metaspace       used 21205K, capacity 22334K, committed 22400K, reserved 1069056K
  class space    used 2887K, capacity 3154K, committed 3200K, reserved 1048576K
}

