# JRE version: Java(TM) SE Runtime Environment (8.0_40-b25) (build 1.8.0_40-b25)
# Java VM: Java HotSpot(TM) 64-Bit Server VM (25.40-b25 mixed mode bsd-amd64 compressed oops)
Heap:
 PSYoungGen      total 38400K, used 37533K [0x0000000795580000, 0x0000000798a80000, 0x00000007c0000000)
  eden space 33280K, 97% used [0x0000000795580000,0x0000000797528d08,0x0000000797600000)
  from space 5120K, 99% used [0x0000000797600000,0x0000000797afea88,0x0000000797b00000)
  to   space 5120K, 0% used [0x0000000798580000,0x0000000798580000,0x0000000798a80000)
 ParOldGen       total 65536K, used 10186K [0x0000000740000000, 0x0000000744000000, 0x0000000795580000)
  object space 65536K, 15% used [0x0000000740000000,0x00000007409f28f0,0x0000000744000000)
 Metaspace       used 23155K, capacity 24274K, committed 24448K, reserved 1071104K
  class space    used 3145K, capacity 3394K, committed 3456K, reserved 1048576K
GC Heap History (8 events):
Event: 1.962 GC heap before
{Heap before GC invocations=1 (full 0):
 PSYoungGen      total 38400K, used 33280K [0x0000000795580000, 0x0000000798000000, 0x00000007c0000000)
  eden space 33280K, 100% used [0x0000000795580000,0x0000000797600000,0x0000000797600000)
  from space 5120K, 0% used [0x0000000797b00000,0x0000000797b00000,0x0000000798000000)
  to   space 5120K, 0% used [0x0000000797600000,0x0000000797600000,0x0000000797b00000)
 ParOldGen       total 87552K, used 0K [0x0000000740000000, 0x0000000745580000, 0x0000000795580000)
  object space 87552K, 0% used [0x0000000740000000,0x0000000740000000,0x0000000745580000)
 Metaspace       used 13307K, capacity 13818K, committed 14080K, reserved 1060864K
  class space    used 1848K, capacity 2013K, committed 2048K, reserved 1048576K
Event: 1.970 GC heap after
Heap after GC invocations=1 (full 0):
 PSYoungGen      total 38400K, used 4224K [0x0000000795580000, 0x0000000798000000, 0x00000007c0000000)
  eden space 33280K, 0% used [0x0000000795580000,0x0000000795580000,0x0000000797600000)
  from space 5120K, 82% used [0x0000000797600000,0x0000000797a20040,0x0000000797b00000)
  to   space 5120K, 0% used [0x0000000797b00000,0x0000000797b00000,0x0000000798000000)
 ParOldGen       total 87552K, used 80K [0x0000000740000000, 0x0000000745580000, 0x0000000795580000)
  object space 87552K, 0% used [0x0000000740000000,0x0000000740014010,0x0000000745580000)
 Metaspace       used 13307K, capacity 13818K, committed 14080K, reserved 1060864K
  class space    used 1848K, capacity 2013K, committed 2048K, reserved 1048576K
}
Event: 5.848 GC heap before
{Heap before GC invocations=2 (full 0):
 PSYoungGen      total 38400K, used 27314K [0x0000000795580000, 0x0000000798000000, 0x00000007c0000000)
  eden space 33280K, 69% used [0x0000000795580000,0x0000000796c0c928,0x0000000797600000)
  from space 5120K, 82% used [0x0000000797600000,0x0000000797a20040,0x0000000797b00000)
  to   space 5120K, 0% used [0x0000000797b00000,0x0000000797b00000,0x0000000798000000)
 ParOldGen       total 87552K, used 80K [0x0000000740000000, 0x0000000745580000, 0x0000000795580000)
  object space 87552K, 0% used [0x0000000740000000,0x0000000740014010,0x0000000745580000)
 Metaspace       used 20247K, capacity 21212K, committed 21296K, reserved 1067008K
  class space    used 2879K, capacity 3129K, committed 3200K, reserved 1048576K
Event: 5.875 GC heap after
Heap after GC invocations=2 (full 0):
 PSYoungGen      total 38400K, used 5106K [0x0000000795580000, 0x0000000798000000, 0x00000007c0000000)
  eden space 33280K, 0% used [0x0000000795580000,0x0000000795580000,0x0000000797600000)
  from space 5120K, 99% used [0x0000000797b00000,0x0000000797ffcac0,0x0000000798000000)
  to   space 5120K, 0% used [0x0000000797600000,0x0000000797600000,0x0000000797b00000)
 ParOldGen       total 87552K, used 2753K [0x0000000740000000, 0x0000000745580000, 0x0000000795580000)
  object space 87552K, 3% used [0x0000000740000000,0x00000007402b0490,0x0000000745580000)
 Metaspace       used 20247K, capacity 21212K, committed 21296K, reserved 1067008K
  class space    used 2879K, capacity 3129K, committed 3200K, reserved 1048576K
}
Event: 5.875 GC heap before
{Heap before GC invocations=3 (full 1):
 PSYoungGen      total 38400K, used 5106K [0x0000000795580000, 0x0000000798000000, 0x00000007c0000000)
  eden space 33280K, 0% used [0x0000000795580000,0x0000000795580000,0x0000000797600000)
  from space 5120K, 99% used [0x0000000797b00000,0x0000000797ffcac0,0x0000000798000000)
  to   space 5120K, 0% used [0x0000000797600000,0x0000000797600000,0x0000000797b00000)
 ParOldGen       total 87552K, used 2753K [0x0000000740000000, 0x0000000745580000, 0x0000000795580000)
  object space 87552K, 3% used [0x0000000740000000,0x00000007402b0490,0x0000000745580000)
 Metaspace       used 20247K, capacity 21212K, committed 21296K, reserved 1067008K
  class space    used 2879K, capacity 3129K, committed 3200K, reserved 1048576K
Event: 5.929 GC heap after
Heap after GC invocations=3 (full 1):
 PSYoungGen      total 38400K, used 0K [0x0000000795580000, 0x0000000798000000, 0x00000007c0000000)
  eden space 33280K, 0% used [0x0000000795580000,0x0000000795580000,0x0000000797600000)
  from space 5120K, 0% used [0x0000000797b00000,0x0000000797b00000,0x0000000798000000)
  to   space 5120K, 0% used [0x0000000797600000,0x0000000797600000,0x0000000797b00000)
 ParOldGen       total 65536K, used 7747K [0x0000000740000000, 0x0000000744000000, 0x0000000795580000)
  object space 65536K, 11% used [0x0000000740000000,0x0000000740790c98,0x0000000744000000)
 Metaspace       used 20247K, capacity 21212K, committed 21296K, reserved 1067008K
  class space    used 2879K, capacity 3129K, committed 3200K, reserved 1048576K
}
Event: 9.943 GC heap before
{Heap before GC invocations=4 (full 1):
 PSYoungGen      total 38400K, used 33280K [0x0000000795580000, 0x0000000798000000, 0x00000007c0000000)
  eden space 33280K, 100% used [0x0000000795580000,0x0000000797600000,0x0000000797600000)
  from space 5120K, 0% used [0x0000000797b00000,0x0000000797b00000,0x0000000798000000)
  to   space 5120K, 0% used [0x0000000797600000,0x0000000797600000,0x0000000797b00000)
 ParOldGen       total 65536K, used 7747K [0x0000000740000000, 0x0000000744000000, 0x0000000795580000)
  object space 65536K, 11% used [0x0000000740000000,0x0000000740790c98,0x0000000744000000)
 Metaspace       used 22773K, capacity 23882K, committed 24192K, reserved 1071104K
  class space    used 3133K, capacity 3380K, committed 3456K, reserved 1048576K
Event: 9.950 GC heap after
Heap after GC invocations=4 (full 1):
 PSYoungGen      total 38400K, used 5114K [0x0000000795580000, 0x0000000798a80000, 0x00000007c0000000)
  eden space 33280K, 0% used [0x0000000795580000,0x0000000795580000,0x0000000797600000)
  from space 5120K, 99% used [0x0000000797600000,0x0000000797afea88,0x0000000797b00000)
  to   space 5120K, 0% used [0x0000000798580000,0x0000000798580000,0x0000000798a80000)
 ParOldGen       total 65536K, used 10186K [0x0000000740000000, 0x0000000744000000, 0x0000000795580000)
  object space 65536K, 15% used [0x0000000740000000,0x00000007409f28f0,0x0000000744000000)
 Metaspace       used 22773K, capacity 23882K, committed 24192K, reserved 1071104K
  class space    used 3133K, capacity 3380K, committed 3456K, reserved 1048576K
}

